<?xml version="1.0" encoding="UTF-8"?>
<!-- Generated by org.testng.reporters.JUnitReportReporter -->
<testsuite hostname="Sanu" failures="0" tests="6" name="com.hyr.parallelTest.TestClass3" time="0.033" errors="0" timestamp="2024-10-28T23:01:50 IST" skipped="0">
  <testcase classname="com.hyr.parallelTest.TestClass3" name="testMethod9" time="0.003"/>
  <testcase classname="com.hyr.parallelTest.TestClass3" name="testMethod10" time="0.001"/>
  <testcase classname="com.hyr.parallelTest.TestClass3" name="testMethod8" time="0.002"/>
  <testcase classname="com.hyr.parallelTest.TestClass3" name="testMethod9" time="0.001"/>
  <testcase classname="com.hyr.parallelTest.TestClass3" name="testMethod10" time="0.016"/>
  <testcase classname="com.hyr.parallelTest.TestClass3" name="testMethod8" time="0.010"/>
</testsuite> <!-- com.hyr.parallelTest.TestClass3 -->
