<?xml version="1.0" encoding="UTF-8"?>
<!-- Generated by org.testng.reporters.JUnitReportReporter -->
<testsuite hostname="Sanu" failures="0" tests="3" name="com.hyr.parallelTest.TestClass2" time="0.046" errors="0" timestamp="2024-10-29T14:49:08 IST" skipped="0">
  <testcase classname="com.hyr.parallelTest.TestClass2" name="testMethod7" time="0.009"/>
  <testcase classname="com.hyr.parallelTest.TestClass2" name="testMethod6" time="0.005"/>
  <testcase classname="com.hyr.parallelTest.TestClass2" name="testMethod5" time="0.032"/>
</testsuite> <!-- com.hyr.parallelTest.TestClass2 -->
