<?xml version="1.0" encoding="UTF-8"?>
<!-- Generated by org.testng.reporters.JUnitReportReporter -->
<testsuite hostname="Sanu" failures="0" tests="4" name="com.hyr.parallelTest.TestClass1" time="0.125" errors="0" timestamp="2024-10-28T23:01:50 IST" skipped="0">
  <testcase classname="com.hyr.parallelTest.TestClass1" name="testMethod2" time="0.032"/>
  <testcase classname="com.hyr.parallelTest.TestClass1" name="testMethod1" time="0.049"/>
  <testcase classname="com.hyr.parallelTest.TestClass1" name="testMethod3" time="0.022"/>
  <testcase classname="com.hyr.parallelTest.TestClass1" name="testMethod4" time="0.022"/>
</testsuite> <!-- com.hyr.parallelTest.TestClass1 -->
